<?xml version="1.0" encoding="UTF-8"?>
<!-- Generated by org.testng.reporters.JUnitXMLReporter -->
<testsuite ignored="0" hostname="DESKTOP-MT4B5IO" failures="1" tests="2" name="Error Validations tests" time="8.229" errors="0" timestamp="2026-04-15T16:19:38 CEST">
  <testcase classname="jovicakuresevic.tests.ErrorValidations" name="LoginErrorValidation" time="2.226">
    <skipped/>
  </testcase> <!-- LoginErrorValidation -->
  <testcase classname="jovicakuresevic.tests.ErrorValidations" name="LoginErrorValidation" time="0.417">
    <failure type="java.lang.AssertionError" message="expected [Incorrect email or password.1] but found [Incorrect email or password.]">
      <![CDATA[java.lang.AssertionError: expected [Incorrect email or password.1] but found [Incorrect email or password.]
at jovicakuresevic.tests.ErrorValidations.LoginErrorValidation(ErrorValidations.java:22)
at java.base/java.util.ArrayList.forEach(ArrayList.java:1511)
at java.base/java.util.concurrent.FutureTask.run(FutureTask.java:264)
at java.base/java.util.concurrent.ThreadPoolExecutor.runWorker(ThreadPoolExecutor.java:1136)
at java.base/java.util.concurrent.ThreadPoolExecutor$Worker.run(ThreadPoolExecutor.java:635)
at java.base/java.lang.Thread.run(Thread.java:833)
... Removed 23 stack frames]]>
    </failure>
  </testcase> <!-- LoginErrorValidation -->
</testsuite> <!-- Error Validations tests -->
