<?xml version="1.0" encoding="UTF-8"?>
<!-- Generated by org.testng.reporters.JUnitXMLReporter -->
<testsuite ignored="0" hostname="DESKTOP-MT4B5IO" failures="1" tests="3" name="Submit order test" time="69.227" errors="0" timestamp="2026-04-15T16:20:39 CEST">
  <testcase classname="jovicakuresevic.tests.SubmitOrderTest" name="SubmitOrder" time="16.788"/>
  <testcase classname="jovicakuresevic.tests.SubmitOrderTest" name="SubmitOrder" time="17.538"/>
  <testcase classname="jovicakuresevic.tests.SubmitOrderTest" name="OrderHistoryTest" time="10.887">
    <failure type="java.lang.AssertionError" message="expected [true] but found [false]">
      <![CDATA[java.lang.AssertionError: expected [true] but found [false]
at jovicakuresevic.tests.SubmitOrderTest.OrderHistoryTest(SubmitOrderTest.java:99)
at java.base/java.util.ArrayList.forEach(ArrayList.java:1511)
at java.base/java.util.concurrent.FutureTask.run(FutureTask.java:264)
at java.base/java.util.concurrent.ThreadPoolExecutor.runWorker(ThreadPoolExecutor.java:1136)
at java.base/java.util.concurrent.ThreadPoolExecutor$Worker.run(ThreadPoolExecutor.java:635)
at java.base/java.lang.Thread.run(Thread.java:833)
... Removed 21 stack frames]]>
    </failure>
  </testcase> <!-- OrderHistoryTest -->
</testsuite> <!-- Submit order test -->
