<?xml version="1.0" encoding="UTF-8"?>
<!-- Generated by org.testng.reporters.JUnitXMLReporter -->
<testsuite ignored="0" hostname="DESKTOP-MT4B5IO" failures="1" tests="2" name="Error Validations tests" time="7.259" errors="0" timestamp="2026-04-16T05:01:36 CEST">
  <testcase classname="jovicakuresevic.tests.ErrorValidations" name="LoginErrorValidation" time="0.473">
    <skipped/>
  </testcase> <!-- LoginErrorValidation -->
  <testcase classname="jovicakuresevic.tests.ErrorValidations" name="LoginErrorValidation" time="0.477">
    <failure type="java.lang.AssertionError" message="expected [Incorrect email or password.1] but found [Incorrect email or password.]">
      <![CDATA[java.lang.AssertionError: expected [Incorrect email or password.1] but found [Incorrect email or password.]
at jovicakuresevic.tests.ErrorValidations.LoginErrorValidation(ErrorValidations.java:22)
at java.base/java.util.ArrayList.forEach(ArrayList.java:1604)
at java.base/java.util.concurrent.FutureTask.run(FutureTask.java:328)
at java.base/java.util.concurrent.ThreadPoolExecutor.runWorker(ThreadPoolExecutor.java:1090)
at java.base/java.util.concurrent.ThreadPoolExecutor$Worker.run(ThreadPoolExecutor.java:614)
at java.base/java.lang.Thread.run(Thread.java:1474)
... Removed 21 stack frames]]>
    </failure>
  </testcase> <!-- LoginErrorValidation -->
</testsuite> <!-- Error Validations tests -->
