<?xml version="1.0" encoding="UTF-8"?>
<testng-results retried="1" ignored="0" total="5" passed="2" failed="2" skipped="0">
  <reporter-output>
  </reporter-output>
  <suite started-at="2026-04-15T16:19:30 CEST" name="Suite" finished-at="2026-04-15T16:20:39 CEST" duration-ms="69227">
    <groups>
      <group name="Purchase">
        <method signature="SubmitOrderTest.SubmitOrder(java.util.HashMap)[pri:0, instance:jovicakuresevic.tests.SubmitOrderTest@48e92c5c]" name="SubmitOrder" class="jovicakuresevic.tests.SubmitOrderTest"/>
      </group> <!-- Purchase -->
      <group name="Error handling">
        <method signature="ErrorValidations.LoginErrorValidation()[pri:0, instance:jovicakuresevic.tests.ErrorValidations@126945f9]" name="LoginErrorValidation" class="jovicakuresevic.tests.ErrorValidations"/>
      </group> <!-- Error handling -->
    </groups>
    <test started-at="2026-04-15T16:19:30 CEST" name="Error Validations tests" finished-at="2026-04-15T16:19:38 CEST" duration-ms="8229">
      <class name="jovicakuresevic.tests.ErrorValidations">
        <test-method is-config="true" signature="launchApplication()[pri:0, instance:jovicakuresevic.tests.ErrorValidations@126945f9]" started-at="2026-04-15T16:19:30 CEST" name="launchApplication" finished-at="2026-04-15T16:19:32 CEST" duration-ms="1892" status="PASS">
          <reporter-output>
          </reporter-output>
        </test-method> <!-- launchApplication -->
        <test-method retried="true" signature="LoginErrorValidation()[pri:0, instance:jovicakuresevic.tests.ErrorValidations@126945f9]" started-at="2026-04-15T16:19:32 CEST" name="LoginErrorValidation" finished-at="2026-04-15T16:19:34 CEST" duration-ms="2226" status="SKIP">
          <exception class="java.lang.AssertionError">
            <message>
              <![CDATA[expected [Incorrect email or password.1] but found [Incorrect email or password.]]]>
            </message>
            <full-stacktrace>
              <![CDATA[java.lang.AssertionError: expected [Incorrect email or password.1] but found [Incorrect email or password.]
at org.testng.Assert.fail(Assert.java:111)
at org.testng.Assert.failNotEquals(Assert.java:1590)
at org.testng.Assert.assertEqualsImpl(Assert.java:150)
at org.testng.Assert.assertEquals(Assert.java:132)
at org.testng.Assert.assertEquals(Assert.java:656)
at org.testng.Assert.assertEquals(Assert.java:666)
at jovicakuresevic.tests.ErrorValidations.LoginErrorValidation(ErrorValidations.java:22)
at java.base/jdk.internal.reflect.NativeMethodAccessorImpl.invoke0(Native Method)
at java.base/jdk.internal.reflect.NativeMethodAccessorImpl.invoke(NativeMethodAccessorImpl.java:77)
at java.base/jdk.internal.reflect.DelegatingMethodAccessorImpl.invoke(DelegatingMethodAccessorImpl.java:43)
at java.base/java.lang.reflect.Method.invoke(Method.java:568)
at org.testng.internal.invokers.MethodInvocationHelper.invokeMethod(MethodInvocationHelper.java:141)
at org.testng.internal.invokers.TestInvoker.invokeMethod(TestInvoker.java:697)
at org.testng.internal.invokers.TestInvoker.invokeTestMethod(TestInvoker.java:230)
at org.testng.internal.invokers.MethodRunner.runInSequence(MethodRunner.java:63)
at org.testng.internal.invokers.TestInvoker$MethodInvocationAgent.invoke(TestInvoker.java:1005)
at org.testng.internal.invokers.TestInvoker.invokeTestMethods(TestInvoker.java:203)
at org.testng.internal.invokers.TestMethodWorker.invokeTestMethods(TestMethodWorker.java:154)
at org.testng.internal.invokers.TestMethodWorker.run(TestMethodWorker.java:134)
at java.base/java.util.ArrayList.forEach(ArrayList.java:1511)
at org.testng.TestRunner.privateRun(TestRunner.java:744)
at org.testng.TestRunner.run(TestRunner.java:616)
at org.testng.SuiteRunner.runTest(SuiteRunner.java:421)
at org.testng.SuiteRunner$SuiteWorker.run(SuiteRunner.java:463)
at org.testng.internal.thread.ThreadUtil.lambda$execute$0(ThreadUtil.java:64)
at java.base/java.util.concurrent.FutureTask.run(FutureTask.java:264)
at java.base/java.util.concurrent.ThreadPoolExecutor.runWorker(ThreadPoolExecutor.java:1136)
at java.base/java.util.concurrent.ThreadPoolExecutor$Worker.run(ThreadPoolExecutor.java:635)
at java.base/java.lang.Thread.run(Thread.java:833)
]]>
            </full-stacktrace>
          </exception> <!-- java.lang.AssertionError -->
          <reporter-output>
          </reporter-output>
        </test-method> <!-- LoginErrorValidation -->
        <test-method is-config="true" signature="closeDriver()[pri:0, instance:jovicakuresevic.tests.ErrorValidations@126945f9]" started-at="2026-04-15T16:19:34 CEST" name="closeDriver" finished-at="2026-04-15T16:19:34 CEST" duration-ms="175" status="PASS">
          <reporter-output>
          </reporter-output>
        </test-method> <!-- closeDriver -->
        <test-method is-config="true" signature="launchApplication()[pri:0, instance:jovicakuresevic.tests.ErrorValidations@126945f9]" started-at="2026-04-15T16:19:34 CEST" name="launchApplication" finished-at="2026-04-15T16:19:37 CEST" duration-ms="2825" status="PASS">
          <reporter-output>
          </reporter-output>
        </test-method> <!-- launchApplication -->
        <test-method signature="LoginErrorValidation()[pri:0, instance:jovicakuresevic.tests.ErrorValidations@126945f9]" started-at="2026-04-15T16:19:37 CEST" name="LoginErrorValidation" finished-at="2026-04-15T16:19:37 CEST" duration-ms="417" status="FAIL">
          <exception class="java.lang.AssertionError">
            <message>
              <![CDATA[expected [Incorrect email or password.1] but found [Incorrect email or password.]]]>
            </message>
            <full-stacktrace>
              <![CDATA[java.lang.AssertionError: expected [Incorrect email or password.1] but found [Incorrect email or password.]
at org.testng.Assert.fail(Assert.java:111)
at org.testng.Assert.failNotEquals(Assert.java:1590)
at org.testng.Assert.assertEqualsImpl(Assert.java:150)
at org.testng.Assert.assertEquals(Assert.java:132)
at org.testng.Assert.assertEquals(Assert.java:656)
at org.testng.Assert.assertEquals(Assert.java:666)
at jovicakuresevic.tests.ErrorValidations.LoginErrorValidation(ErrorValidations.java:22)
at java.base/jdk.internal.reflect.NativeMethodAccessorImpl.invoke0(Native Method)
at java.base/jdk.internal.reflect.NativeMethodAccessorImpl.invoke(NativeMethodAccessorImpl.java:77)
at java.base/jdk.internal.reflect.DelegatingMethodAccessorImpl.invoke(DelegatingMethodAccessorImpl.java:43)
at java.base/java.lang.reflect.Method.invoke(Method.java:568)
at org.testng.internal.invokers.MethodInvocationHelper.invokeMethod(MethodInvocationHelper.java:141)
at org.testng.internal.invokers.TestInvoker.invokeMethod(TestInvoker.java:697)
at org.testng.internal.invokers.TestInvoker.retryFailed(TestInvoker.java:280)
at org.testng.internal.invokers.MethodRunner.runInSequence(MethodRunner.java:76)
at org.testng.internal.invokers.TestInvoker$MethodInvocationAgent.invoke(TestInvoker.java:1005)
at org.testng.internal.invokers.TestInvoker.invokeTestMethods(TestInvoker.java:203)
at org.testng.internal.invokers.TestMethodWorker.invokeTestMethods(TestMethodWorker.java:154)
at org.testng.internal.invokers.TestMethodWorker.run(TestMethodWorker.java:134)
at java.base/java.util.ArrayList.forEach(ArrayList.java:1511)
at org.testng.TestRunner.privateRun(TestRunner.java:744)
at org.testng.TestRunner.run(TestRunner.java:616)
at org.testng.SuiteRunner.runTest(SuiteRunner.java:421)
at org.testng.SuiteRunner$SuiteWorker.run(SuiteRunner.java:463)
at org.testng.internal.thread.ThreadUtil.lambda$execute$0(ThreadUtil.java:64)
at java.base/java.util.concurrent.FutureTask.run(FutureTask.java:264)
at java.base/java.util.concurrent.ThreadPoolExecutor.runWorker(ThreadPoolExecutor.java:1136)
at java.base/java.util.concurrent.ThreadPoolExecutor$Worker.run(ThreadPoolExecutor.java:635)
at java.base/java.lang.Thread.run(Thread.java:833)
]]>
            </full-stacktrace>
          </exception> <!-- java.lang.AssertionError -->
          <reporter-output>
          </reporter-output>
        </test-method> <!-- LoginErrorValidation -->
        <test-method is-config="true" signature="closeDriver()[pri:0, instance:jovicakuresevic.tests.ErrorValidations@126945f9]" started-at="2026-04-15T16:19:38 CEST" name="closeDriver" finished-at="2026-04-15T16:19:38 CEST" duration-ms="143" status="PASS">
          <reporter-output>
          </reporter-output>
        </test-method> <!-- closeDriver -->
      </class> <!-- jovicakuresevic.tests.ErrorValidations -->
    </test> <!-- Error Validations tests -->
    <test started-at="2026-04-15T16:19:30 CEST" name="Submit order test" finished-at="2026-04-15T16:20:39 CEST" duration-ms="69227">
      <class name="jovicakuresevic.tests.SubmitOrderTest">
        <test-method is-config="true" signature="launchApplication()[pri:0, instance:jovicakuresevic.tests.SubmitOrderTest@48e92c5c]" started-at="2026-04-15T16:19:30 CEST" name="launchApplication" finished-at="2026-04-15T16:19:33 CEST" duration-ms="3117" status="PASS">
          <reporter-output>
          </reporter-output>
        </test-method> <!-- launchApplication -->
        <test-method signature="SubmitOrder(java.util.HashMap)[pri:0, instance:jovicakuresevic.tests.SubmitOrderTest@48e92c5c]" started-at="2026-04-15T16:19:33 CEST" name="SubmitOrder" data-provider="getData" finished-at="2026-04-15T16:19:50 CEST" duration-ms="16788" status="PASS">
          <params>
            <param index="0">
              <value>
                <![CDATA[{password=Vlahovic2000, product=ZARA COAT 3, email=jovica.kuresevic@gmail.com}]]>
              </value>
            </param>
          </params>
          <reporter-output>
          </reporter-output>
        </test-method> <!-- SubmitOrder -->
        <test-method is-config="true" signature="closeDriver()[pri:0, instance:jovicakuresevic.tests.SubmitOrderTest@48e92c5c]" started-at="2026-04-15T16:19:50 CEST" name="closeDriver" finished-at="2026-04-15T16:19:50 CEST" duration-ms="0" status="PASS">
          <reporter-output>
          </reporter-output>
        </test-method> <!-- closeDriver -->
        <test-method is-config="true" signature="launchApplication()[pri:0, instance:jovicakuresevic.tests.SubmitOrderTest@48e92c5c]" started-at="2026-04-15T16:19:50 CEST" name="launchApplication" finished-at="2026-04-15T16:19:53 CEST" duration-ms="2652" status="PASS">
          <reporter-output>
          </reporter-output>
        </test-method> <!-- launchApplication -->
        <test-method signature="SubmitOrder(java.util.HashMap)[pri:0, instance:jovicakuresevic.tests.SubmitOrderTest@48e92c5c]" started-at="2026-04-15T16:19:53 CEST" name="SubmitOrder" data-provider="getData" finished-at="2026-04-15T16:20:10 CEST" duration-ms="17538" status="PASS">
          <params>
            <param index="0">
              <value>
                <![CDATA[{password=Vlahovic2000, product=ADIDAS ORIGINAL, email=jovica.kuresevic@gmail.com}]]>
              </value>
            </param>
          </params>
          <reporter-output>
          </reporter-output>
        </test-method> <!-- SubmitOrder -->
        <test-method is-config="true" signature="closeDriver()[pri:0, instance:jovicakuresevic.tests.SubmitOrderTest@48e92c5c]" started-at="2026-04-15T16:20:10 CEST" name="closeDriver" finished-at="2026-04-15T16:20:10 CEST" duration-ms="1" status="PASS">
          <reporter-output>
          </reporter-output>
        </test-method> <!-- closeDriver -->
        <test-method is-config="true" signature="launchApplication()[pri:0, instance:jovicakuresevic.tests.SubmitOrderTest@48e92c5c]" started-at="2026-04-15T16:20:10 CEST" name="launchApplication" finished-at="2026-04-15T16:20:28 CEST" duration-ms="17585" status="PASS">
          <reporter-output>
          </reporter-output>
        </test-method> <!-- launchApplication -->
        <test-method signature="OrderHistoryTest()[pri:0, instance:jovicakuresevic.tests.SubmitOrderTest@48e92c5c]" started-at="2026-04-15T16:20:28 CEST" name="OrderHistoryTest" finished-at="2026-04-15T16:20:39 CEST" depends-on-methods="SubmitOrder()" duration-ms="10887" status="FAIL">
          <exception class="java.lang.AssertionError">
            <message>
              <![CDATA[expected [true] but found [false]]]>
            </message>
            <full-stacktrace>
              <![CDATA[java.lang.AssertionError: expected [true] but found [false]
at org.testng.Assert.fail(Assert.java:111)
at org.testng.Assert.failNotEquals(Assert.java:1590)
at org.testng.Assert.assertTrue(Assert.java:57)
at org.testng.Assert.assertTrue(Assert.java:67)
at jovicakuresevic.tests.SubmitOrderTest.OrderHistoryTest(SubmitOrderTest.java:99)
at java.base/jdk.internal.reflect.NativeMethodAccessorImpl.invoke0(Native Method)
at java.base/jdk.internal.reflect.NativeMethodAccessorImpl.invoke(NativeMethodAccessorImpl.java:77)
at java.base/jdk.internal.reflect.DelegatingMethodAccessorImpl.invoke(DelegatingMethodAccessorImpl.java:43)
at java.base/java.lang.reflect.Method.invoke(Method.java:568)
at org.testng.internal.invokers.MethodInvocationHelper.invokeMethod(MethodInvocationHelper.java:141)
at org.testng.internal.invokers.TestInvoker.invokeMethod(TestInvoker.java:697)
at org.testng.internal.invokers.TestInvoker.invokeTestMethod(TestInvoker.java:230)
at org.testng.internal.invokers.MethodRunner.runInSequence(MethodRunner.java:63)
at org.testng.internal.invokers.TestInvoker$MethodInvocationAgent.invoke(TestInvoker.java:1005)
at org.testng.internal.invokers.TestInvoker.invokeTestMethods(TestInvoker.java:203)
at org.testng.internal.invokers.TestMethodWorker.invokeTestMethods(TestMethodWorker.java:154)
at org.testng.internal.invokers.TestMethodWorker.run(TestMethodWorker.java:134)
at java.base/java.util.ArrayList.forEach(ArrayList.java:1511)
at org.testng.TestRunner.privateRun(TestRunner.java:744)
at org.testng.TestRunner.run(TestRunner.java:616)
at org.testng.SuiteRunner.runTest(SuiteRunner.java:421)
at org.testng.SuiteRunner$SuiteWorker.run(SuiteRunner.java:463)
at org.testng.internal.thread.ThreadUtil.lambda$execute$0(ThreadUtil.java:64)
at java.base/java.util.concurrent.FutureTask.run(FutureTask.java:264)
at java.base/java.util.concurrent.ThreadPoolExecutor.runWorker(ThreadPoolExecutor.java:1136)
at java.base/java.util.concurrent.ThreadPoolExecutor$Worker.run(ThreadPoolExecutor.java:635)
at java.base/java.lang.Thread.run(Thread.java:833)
]]>
            </full-stacktrace>
          </exception> <!-- java.lang.AssertionError -->
          <reporter-output>
          </reporter-output>
        </test-method> <!-- OrderHistoryTest -->
        <test-method is-config="true" signature="closeDriver()[pri:0, instance:jovicakuresevic.tests.SubmitOrderTest@48e92c5c]" started-at="2026-04-15T16:20:39 CEST" name="closeDriver" finished-at="2026-04-15T16:20:39 CEST" duration-ms="195" status="PASS">
          <reporter-output>
          </reporter-output>
        </test-method> <!-- closeDriver -->
      </class> <!-- jovicakuresevic.tests.SubmitOrderTest -->
    </test> <!-- Submit order test -->
  </suite> <!-- Suite -->
</testng-results>
